This file contains any messages produced by compilers while
running configure, to aid debugging if configure makes a mistake.

It was created by configure, which was
generated by GNU Autoconf 2.69.  Invocation command line was

  $ ./configure 

## --------- ##
## Platform. ##
## --------- ##

hostname = Nurcahyos-MacBook-Pro-2019.local
uname -m = x86_64
uname -r = 19.2.0
uname -s = Darwin
uname -v = Darwin Kernel Version 19.2.0: Sat Nov  9 03:47:04 PST 2019; root:xnu-6153.61.1~20/RELEASE_X86_64

/usr/bin/uname -p = i386
/bin/uname -X     = unknown

/bin/arch              = unknown
/usr/bin/arch -k       = unknown
/usr/convex/getsysinfo = unknown
/usr/bin/hostinfo      = Mach kernel version:
	 Darwin Kernel Version 19.2.0: Sat Nov  9 03:47:04 PST 2019; root:xnu-6153.61.1~20/RELEASE_X86_64
Kernel configured for up to 16 processors.
8 processors are physically available.
16 processors are logically available.
Processor type: x86_64h (Intel x86-64h Haswell)
Processors active: 0 1 2 3 4 5 6 7 8 9 10 11 12 13 14 15
Primary memory available: 16.00 gigabytes
Default processor set: 600 tasks, 3741 threads, 16 processors
Load average: 2.51, Mach factor: 13.47
/bin/machine           = unknown
/usr/bin/oslevel       = unknown
/bin/universe          = unknown

PATH: /usr/local/bin
PATH: /usr/local/sbin
PATH: /usr/bin
PATH: /bin
PATH: /usr/sbin
PATH: /sbin
PATH: /usr/local/opt/elasticsearch-6.4.0/bin
PATH: /Users/nurcahyo/go/bin


## ----------- ##
## Core tests. ##
## ----------- ##

configure:2296: checking for grep that handles long lines and -e
configure:2354: result: /usr/bin/grep
configure:2359: checking for egrep
configure:2421: result: /usr/bin/grep -E
configure:2426: checking for a sed that does not truncate output
configure:2480: result: /usr/bin/sed
configure:2617: checking for cc
configure:2633: found /usr/bin/cc
configure:2644: result: cc
configure:2675: checking for C compiler version
configure:2684: cc --version >&5
Apple clang version 11.0.3 (clang-1103.0.32.29)
Target: x86_64-apple-darwin19.2.0
Thread model: posix
InstalledDir: /Library/Developer/CommandLineTools/usr/bin
configure:2695: $? = 0
configure:2684: cc -v >&5
Apple clang version 11.0.3 (clang-1103.0.32.29)
Target: x86_64-apple-darwin19.2.0
Thread model: posix
InstalledDir: /Library/Developer/CommandLineTools/usr/bin
configure:2695: $? = 0
configure:2684: cc -V >&5
clang: error: unsupported option '-V -Wno-objc-signed-char-bool-implicit-int-conversion'
clang: error: no input files
configure:2695: $? = 1
configure:2684: cc -qversion >&5
clang: error: unknown argument '-qversion'; did you mean '--version'?
clang: error: no input files
configure:2695: $? = 1
configure:2715: checking whether the C compiler works
configure:2737: cc    conftest.c  >&5
configure:2741: $? = 0
configure:2789: result: yes
configure:2792: checking for C compiler default output file name
configure:2794: result: a.out
configure:2800: checking for suffix of executables
configure:2807: cc -o conftest    conftest.c  >&5
configure:2811: $? = 0
configure:2833: result: 
configure:2855: checking whether we are cross compiling
configure:2863: cc -o conftest    conftest.c  >&5
configure:2867: $? = 0
configure:2874: ./conftest
configure:2878: $? = 0
configure:2893: result: no
configure:2898: checking for suffix of object files
configure:2920: cc -c   conftest.c >&5
configure:2924: $? = 0
configure:2945: result: o
configure:2949: checking whether we are using the GNU C compiler
configure:2968: cc -c   conftest.c >&5
configure:2968: $? = 0
configure:2977: result: yes
configure:2986: checking whether cc accepts -g
configure:3006: cc -c -g  conftest.c >&5
configure:3006: $? = 0
configure:3047: result: yes
configure:3064: checking for cc option to accept ISO C89
configure:3127: cc  -c -g -O2  conftest.c >&5
configure:3127: $? = 0
configure:3140: result: none needed
configure:3166: checking how to run the C preprocessor
configure:3197: cc -E  conftest.c
configure:3197: $? = 0
configure:3211: cc -E  conftest.c
conftest.c:9:10: fatal error: 'ac_nonexistent.h' file not found
#include <ac_nonexistent.h>
         ^~~~~~~~~~~~~~~~~~
1 error generated.
configure:3211: $? = 1
configure: failed program was:
| /* confdefs.h */
| #define PACKAGE_NAME ""
| #define PACKAGE_TARNAME ""
| #define PACKAGE_VERSION ""
| #define PACKAGE_STRING ""
| #define PACKAGE_BUGREPORT ""
| #define PACKAGE_URL ""
| /* end confdefs.h.  */
| #include <ac_nonexistent.h>
configure:3236: result: cc -E
configure:3256: cc -E  conftest.c
configure:3256: $? = 0
configure:3270: cc -E  conftest.c
conftest.c:9:10: fatal error: 'ac_nonexistent.h' file not found
#include <ac_nonexistent.h>
         ^~~~~~~~~~~~~~~~~~
1 error generated.
configure:3270: $? = 1
configure: failed program was:
| /* confdefs.h */
| #define PACKAGE_NAME ""
| #define PACKAGE_TARNAME ""
| #define PACKAGE_VERSION ""
| #define PACKAGE_STRING ""
| #define PACKAGE_BUGREPORT ""
| #define PACKAGE_URL ""
| /* end confdefs.h.  */
| #include <ac_nonexistent.h>
configure:3301: checking for icc
configure:3310: result: no
configure:3324: checking for suncc
configure:3333: result: no
configure:3351: checking whether cc understands -c and -o together
configure:3379: cc -c conftest.c -o conftest2.o >&5
configure:3383: $? = 0
configure:3389: cc -c conftest.c -o conftest2.o >&5
configure:3393: $? = 0
configure:3448: result: yes
configure:3462: checking for system library directory
configure:3477: result: lib
configure:3484: checking if compiler supports -R
configure:3503: cc -o conftest -g -O2   conftest.c -R /usr/lib  >&5
warning: unknown remark option '-R' [-Wunknown-warning-option]
1 warning generated.
ld: can't map file, errno=22 file '/Library/Developer/CommandLineTools/SDKs/MacOSX.sdk/usr/lib' for architecture x86_64
clang: error: linker command failed with exit code 1 (use -v to see invocation)
configure:3503: $? = 1
configure: failed program was:
| /* confdefs.h */
| #define PACKAGE_NAME ""
| #define PACKAGE_TARNAME ""
| #define PACKAGE_VERSION ""
| #define PACKAGE_STRING ""
| #define PACKAGE_BUGREPORT ""
| #define PACKAGE_URL ""
| /* end confdefs.h.  */
| 
| int
| main ()
| {
| 
|   ;
|   return 0;
| }
configure:3513: result: no
configure:3518: checking if compiler supports -Wl,-rpath,
configure:3537: cc -o conftest -g -O2   conftest.c -Wl,-rpath,/usr/lib  >&5
configure:3537: $? = 0
configure:3547: result: yes
configure:3592: checking build system type
configure:3606: result: x86_64-apple-darwin19.2.0
configure:3626: checking host system type
configure:3639: result: x86_64-apple-darwin19.2.0
configure:3659: checking target system type
configure:3672: result: x86_64-apple-darwin19.2.0
configure:3775: checking for PHP prefix
configure:3777: result: /usr/local/Cellar/php@7.2/7.2.27
configure:3779: checking for PHP includes
configure:3781: result: -I/usr/local/Cellar/php@7.2/7.2.27/include/php -I/usr/local/Cellar/php@7.2/7.2.27/include/php/main -I/usr/local/Cellar/php@7.2/7.2.27/include/php/TSRM -I/usr/local/Cellar/php@7.2/7.2.27/include/php/Zend -I/usr/local/Cellar/php@7.2/7.2.27/include/php/ext -I/usr/local/Cellar/php@7.2/7.2.27/include/php/ext/date/lib
configure:3783: checking for PHP extension directory
configure:3785: result: /usr/local/Cellar/php@7.2/7.2.27/pecl/20170718
configure:3787: checking for PHP installed headers prefix
configure:3789: result: /usr/local/Cellar/php@7.2/7.2.27/include/php
configure:3792: checking if debug is enabled
configure:3818: result: no
configure:3821: checking if zts is enabled
configure:3847: result: no
configure:3918: checking for re2c
configure:3948: result: no
configure:3973: WARNING: You will need re2c 0.13.4 or later if you want to regenerate PHP parsers.
configure:3987: checking for gawk
configure:4018: result: no
configure:3987: checking for nawk
configure:4018: result: no
configure:3987: checking for awk
configure:4004: found /usr/bin/awk
configure:4015: result: awk
configure:4038: checking if awk is broken
configure:4045: result: no
configure:4058: checking whether to enable Datadog tracing support
configure:4097: result: yes, shared
configure:4106: checking whether to enable AddressSanitizer for ddtrace
configure:4121: result: no
configure:4170: checking for ANSI C header files
configure:4190: cc -c -g -O2  conftest.c >&5
configure:4190: $? = 0
configure:4263: cc -o conftest -g -O2   conftest.c  >&5
configure:4263: $? = 0
configure:4263: ./conftest
configure:4263: $? = 0
configure:4274: result: yes
configure:4287: checking for sys/types.h
configure:4287: cc -c -g -O2  conftest.c >&5
configure:4287: $? = 0
configure:4287: result: yes
configure:4287: checking for sys/stat.h
configure:4287: cc -c -g -O2  conftest.c >&5
configure:4287: $? = 0
configure:4287: result: yes
configure:4287: checking for stdlib.h
configure:4287: cc -c -g -O2  conftest.c >&5
configure:4287: $? = 0
configure:4287: result: yes
configure:4287: checking for string.h
configure:4287: cc -c -g -O2  conftest.c >&5
configure:4287: $? = 0
configure:4287: result: yes
configure:4287: checking for memory.h
configure:4287: cc -c -g -O2  conftest.c >&5
configure:4287: $? = 0
configure:4287: result: yes
configure:4287: checking for strings.h
configure:4287: cc -c -g -O2  conftest.c >&5
configure:4287: $? = 0
configure:4287: result: yes
configure:4287: checking for inttypes.h
configure:4287: cc -c -g -O2  conftest.c >&5
configure:4287: $? = 0
configure:4287: result: yes
configure:4287: checking for stdint.h
configure:4287: cc -c -g -O2  conftest.c >&5
configure:4287: $? = 0
configure:4287: result: yes
configure:4287: checking for unistd.h
configure:4287: cc -c -g -O2  conftest.c >&5
configure:4287: $? = 0
configure:4287: result: yes
configure:4301: checking execinfo.h usability
configure:4301: cc -c -g -O2  conftest.c >&5
configure:4301: $? = 0
configure:4301: result: yes
configure:4301: checking execinfo.h presence
configure:4301: cc -E  conftest.c
configure:4301: $? = 0
configure:4301: result: yes
configure:4301: checking for execinfo.h
configure:4301: result: yes
configure:4312: checking size parameter type for backtrace()
configure:4343: cc -c -g -O2  conftest.c >&5
conftest.c:23:1: error: unknown type name 'size_t'
size_t backtrace(void **addrlist, size_t len);
^
conftest.c:23:35: error: unknown type name 'size_t'
size_t backtrace(void **addrlist, size_t len);
                                  ^
conftest.c:24:47: error: unknown type name 'size_t'
char **backtrace_symbols(void *const *buffer, size_t size);
                                              ^
3 errors generated.
configure:4343: $? = 1
configure: failed program was:
| /* confdefs.h */
| #define PACKAGE_NAME ""
| #define PACKAGE_TARNAME ""
| #define PACKAGE_VERSION ""
| #define PACKAGE_STRING ""
| #define PACKAGE_BUGREPORT ""
| #define PACKAGE_URL ""
| #define STDC_HEADERS 1
| #define HAVE_SYS_TYPES_H 1
| #define HAVE_SYS_STAT_H 1
| #define HAVE_STDLIB_H 1
| #define HAVE_STRING_H 1
| #define HAVE_MEMORY_H 1
| #define HAVE_STRINGS_H 1
| #define HAVE_INTTYPES_H 1
| #define HAVE_STDINT_H 1
| #define HAVE_UNISTD_H 1
| #define HAVE_EXECINFO_H 1
| /* end confdefs.h.  */
| 
| #include <execinfo.h>
| extern
| size_t backtrace(void **addrlist, size_t len);
| char **backtrace_symbols(void *const *buffer, size_t size);
| 
| int
| main ()
| {
| 
|   ;
|   return 0;
| }
configure:4343: cc -c -g -O2  conftest.c >&5
configure:4343: $? = 0
configure:4355: result: int
configure:4365: checking for library containing backtrace
configure:4396: cc -o conftest -g -O2   conftest.c  >&5
configure:4396: $? = 0
configure:4413: result: none required
configure:4538: checking for backtrace in -lexecinfo
configure:4563: cc -o conftest -g -O2   conftest.c -lexecinfo   >&5
ld: library not found for -lexecinfo
clang: error: linker command failed with exit code 1 (use -v to see invocation)
configure:4563: $? = 1
configure: failed program was:
| /* confdefs.h */
| #define PACKAGE_NAME ""
| #define PACKAGE_TARNAME ""
| #define PACKAGE_VERSION ""
| #define PACKAGE_STRING ""
| #define PACKAGE_BUGREPORT ""
| #define PACKAGE_URL ""
| #define STDC_HEADERS 1
| #define HAVE_SYS_TYPES_H 1
| #define HAVE_SYS_STAT_H 1
| #define HAVE_STDLIB_H 1
| #define HAVE_STRING_H 1
| #define HAVE_MEMORY_H 1
| #define HAVE_STRINGS_H 1
| #define HAVE_INTTYPES_H 1
| #define HAVE_STDINT_H 1
| #define HAVE_UNISTD_H 1
| #define HAVE_EXECINFO_H 1
| #define backtrace_size_t int
| #define HAVE_BACKTRACE 1
| /* end confdefs.h.  */
| 
| /* Override any GCC internal prototype to avoid an error.
|    Use char because int might match the return type of a GCC
|    builtin and then its argument prototype would still apply.  */
| #ifdef __cplusplus
| extern "C"
| #endif
| char backtrace ();
| int
| main ()
| {
| return backtrace ();
|   ;
|   return 0;
| }
configure:4572: result: no
configure:5045: checking for shm_open in -lrt
configure:5070: cc -o conftest -g -O2   conftest.c -lrt   >&5
ld: library not found for -lrt
clang: error: linker command failed with exit code 1 (use -v to see invocation)
configure:5070: $? = 1
configure: failed program was:
| /* confdefs.h */
| #define PACKAGE_NAME ""
| #define PACKAGE_TARNAME ""
| #define PACKAGE_VERSION ""
| #define PACKAGE_STRING ""
| #define PACKAGE_BUGREPORT ""
| #define PACKAGE_URL ""
| #define STDC_HEADERS 1
| #define HAVE_SYS_TYPES_H 1
| #define HAVE_SYS_STAT_H 1
| #define HAVE_STDLIB_H 1
| #define HAVE_STRING_H 1
| #define HAVE_MEMORY_H 1
| #define HAVE_STRINGS_H 1
| #define HAVE_INTTYPES_H 1
| #define HAVE_STDINT_H 1
| #define HAVE_UNISTD_H 1
| #define HAVE_EXECINFO_H 1
| #define backtrace_size_t int
| #define HAVE_BACKTRACE 1
| #define COMPILE_DL_DDTRACE 1
| /* end confdefs.h.  */
| 
| /* Override any GCC internal prototype to avoid an error.
|    Use char because int might match the return type of a GCC
|    builtin and then its argument prototype would still apply.  */
| #ifdef __cplusplus
| extern "C"
| #endif
| char shm_open ();
| int
| main ()
| {
| return shm_open ();
|   ;
|   return 0;
| }
configure:5079: result: no
configure:5228: checking for curl_easy_setopt in -lcurl
configure:5253: cc -o conftest -g -O2   conftest.c -lcurl   >&5
configure:5253: $? = 0
configure:5262: result: yes
configure:5302: checking time.h usability
configure:5302: cc -c -g -O2  conftest.c >&5
configure:5302: $? = 0
configure:5302: result: yes
configure:5302: checking time.h presence
configure:5302: cc -E  conftest.c
configure:5302: $? = 0
configure:5302: result: yes
configure:5302: checking for time.h
configure:5302: result: yes
configure:5577: checking for ld used by cc
configure:5644: result: /Library/Developer/CommandLineTools/usr/bin/ld
configure:5651: checking if the linker (/Library/Developer/CommandLineTools/usr/bin/ld) is GNU ld
configure:5666: result: no
configure:5671: checking for /Library/Developer/CommandLineTools/usr/bin/ld option to reload object files
configure:5678: result: -r
configure:5696: checking for BSD-compatible nm
configure:5745: result: /usr/bin/nm -B
configure:5749: checking whether ln -s works
configure:5753: result: yes
configure:5760: checking how to recognize dependent libraries
configure:5946: result: pass_all
configure:6166: checking dlfcn.h usability
configure:6166: cc -c -g -O2  conftest.c >&5
configure:6166: $? = 0
configure:6166: result: yes
configure:6166: checking dlfcn.h presence
configure:6166: cc -E  conftest.c
configure:6166: $? = 0
configure:6166: result: yes
configure:6166: checking for dlfcn.h
configure:6166: result: yes
configure:6188: checking the maximum length of command line arguments
configure:6300: result: 196608
configure:6312: checking command to parse /usr/bin/nm -B output from cc object
configure:6417: cc -c -g -O2  conftest.c >&5
configure:6420: $? = 0
configure:6424: /usr/bin/nm -B conftest.o \| sed -n -e 's/^.*[ 	]\([BCDEGRST][BCDEGRST]*\)[ 	][ 	]*\([_A-Za-z][_A-Za-z0-9]*\)$/\1 \2 \2/p' \> conftest.nm
configure:6427: $? = 0
cannot find nm_test_var in conftest.nm
configure:6417: cc -c -g -O2  conftest.c >&5
configure:6420: $? = 0
configure:6424: /usr/bin/nm -B conftest.o \| sed -n -e 's/^.*[ 	]\([BCDEGRST][BCDEGRST]*\)[ 	][ 	]*_\([_A-Za-z][_A-Za-z0-9]*\)$/\1 _\2 \2/p' \> conftest.nm
configure:6427: $? = 0
configure:6479: cc -o conftest -g -O2   conftest.c conftstm.o >&5
warning: (x86_64)  could not find object file symbol for symbol _main
configure:6482: $? = 0
configure:6520: result: ok
configure:6524: checking for objdir
configure:6539: result: .libs
configure:6631: checking for ar
configure:6647: found /usr/bin/ar
configure:6658: result: ar
configure:6723: checking for ranlib
configure:6739: found /usr/bin/ranlib
configure:6750: result: ranlib
configure:6815: checking for strip
configure:6831: found /usr/bin/strip
configure:6842: result: strip
configure:7095: checking for dsymutil
configure:7111: found /usr/bin/dsymutil
configure:7122: result: dsymutil
configure:7187: checking for nmedit
configure:7203: found /usr/bin/nmedit
configure:7214: result: nmedit
configure:7237: checking for -single_module linker flag
configure:7258: result: yes
configure:7260: checking for -exported_symbols_list linker flag
configure:7276: cc -o conftest -g -O2   -Wl,-exported_symbols_list,conftest.sym conftest.c  >&5
configure:7279: $? = 0
configure:7293: result: yes
configure:7411: checking if cc supports -fno-rtti -fno-exceptions
configure:7429: cc -c -g -O2  -fno-rtti -fno-exceptions conftest.c >&5
configure:7433: $? = 0
configure:7446: result: yes
configure:7461: checking for cc option to produce PIC
configure:7701: result: -fno-common
configure:7709: checking if cc PIC flag -fno-common works
configure:7727: cc -c -g -O2  -fno-common -DPIC conftest.c >&5
configure:7731: $? = 0
configure:7744: result: yes
configure:7772: checking if cc static flag -static works
configure:7800: result: no
configure:7810: checking if cc supports -c -o file.o
configure:7831: cc -c -g -O2  -o out/conftest2.o conftest.c >&5
configure:7835: $? = 0
configure:7857: result: yes
configure:7883: checking whether the cc linker (/Library/Developer/CommandLineTools/usr/bin/ld) supports shared libraries
configure:8811: result: yes
configure:8878: checking dynamic linker characteristics
configure:9476: result: darwin19.2.0 dyld
configure:9500: checking how to hardcode library paths into programs
configure:9525: result: immediate
configure:9539: checking whether stripping libraries is possible
configure:9553: result: yes
configure:10061: checking if libtool supports shared libraries
configure:10063: result: yes
configure:10066: checking whether to build shared libraries
configure:10087: result: yes
configure:10090: checking whether to build static libraries
configure:10094: result: no
configure:10189: result:
creating libtool
configure:13887: creating ./config.status

## ---------------------- ##
## Running config.status. ##
## ---------------------- ##

This file was extended by config.status, which was
generated by GNU Autoconf 2.69.  Invocation command line was

  CONFIG_FILES    = 
  CONFIG_HEADERS  = 
  CONFIG_LINKS    = 
  CONFIG_COMMANDS = 
  $ ./config.status 

on Nurcahyos-MacBook-Pro-2019.local

config.status:679: creating config.h

## ---------------- ##
## Cache variables. ##
## ---------------- ##

ac_cv_build=x86_64-apple-darwin19.2.0
ac_cv_c_compiler_gnu=yes
ac_cv_env_CC_set=
ac_cv_env_CC_value=
ac_cv_env_CFLAGS_set=
ac_cv_env_CFLAGS_value=
ac_cv_env_CPPFLAGS_set=
ac_cv_env_CPPFLAGS_value=
ac_cv_env_CPP_set=
ac_cv_env_CPP_value=
ac_cv_env_LDFLAGS_set=
ac_cv_env_LDFLAGS_value=
ac_cv_env_LIBS_set=
ac_cv_env_LIBS_value=
ac_cv_env_build_alias_set=
ac_cv_env_build_alias_value=
ac_cv_env_host_alias_set=
ac_cv_env_host_alias_value=
ac_cv_env_target_alias_set=
ac_cv_env_target_alias_value=
ac_cv_header_dlfcn_h=yes
ac_cv_header_execinfo_h=yes
ac_cv_header_inttypes_h=yes
ac_cv_header_memory_h=yes
ac_cv_header_stdc=yes
ac_cv_header_stdint_h=yes
ac_cv_header_stdlib_h=yes
ac_cv_header_string_h=yes
ac_cv_header_strings_h=yes
ac_cv_header_sys_stat_h=yes
ac_cv_header_sys_types_h=yes
ac_cv_header_time_h=yes
ac_cv_header_unistd_h=yes
ac_cv_host=x86_64-apple-darwin19.2.0
ac_cv_lib_curl_curl_easy_setopt=yes
ac_cv_objext=o
ac_cv_path_EGREP='/usr/bin/grep -E'
ac_cv_path_GREP=/usr/bin/grep
ac_cv_prog_AWK=awk
ac_cv_prog_CPP='cc -E'
ac_cv_prog_ac_ct_AR=ar
ac_cv_prog_ac_ct_CC=cc
ac_cv_prog_ac_ct_DSYMUTIL=dsymutil
ac_cv_prog_ac_ct_NMEDIT=nmedit
ac_cv_prog_ac_ct_RANLIB=ranlib
ac_cv_prog_ac_ct_STRIP=strip
ac_cv_prog_cc_c89=
ac_cv_prog_cc_cc_c_o=yes
ac_cv_prog_cc_g=yes
ac_cv_search_backtrace='none required'
ac_cv_target=x86_64-apple-darwin19.2.0
ax_cv_proto_backtrace_type=int
lt_cv_apple_cc_single_mod=yes
lt_cv_deplibs_check_method=pass_all
lt_cv_file_magic_cmd='$MAGIC_CMD'
lt_cv_file_magic_test_file=
lt_cv_ld_exported_symbols_list=yes
lt_cv_ld_reload_flag=-r
lt_cv_objdir=.libs
lt_cv_path_LD=/Library/Developer/CommandLineTools/usr/bin/ld
lt_cv_path_NM='/usr/bin/nm -B'
lt_cv_path_SED=/usr/bin/sed
lt_cv_prog_compiler_c_o=yes
lt_cv_prog_compiler_pic_works=yes
lt_cv_prog_compiler_rtti_exceptions=yes
lt_cv_prog_compiler_static_works=no
lt_cv_prog_gnu_ld=no
lt_cv_sys_global_symbol_pipe='sed -n -e '\''s/^.*[ 	]\([BCDEGRST][BCDEGRST]*\)[ 	][ 	]*_\([_A-Za-z][_A-Za-z0-9]*\)$/\1 _\2 \2/p'\'''
lt_cv_sys_global_symbol_to_c_name_address='sed -n -e '\''s/^: \([^ ]*\) $/  {\"\1\", (lt_ptr) 0},/p'\'' -e '\''s/^[BCDEGRST] \([^ ]*\) \([^ ]*\)$/  {"\2", (lt_ptr) \&\2},/p'\'''
lt_cv_sys_global_symbol_to_cdecl='sed -n -e '\''s/^. .* \(.*\)$/extern int \1;/p'\'''
lt_cv_sys_lib_dlsearch_path_spec='/usr/local/lib /lib /usr/lib'
lt_cv_sys_lib_search_path_spec='/Library/Developer/CommandLineTools/usr/lib/clang/11.0.3 /usr/local/lib'
lt_cv_sys_max_cmd_len=196608
lt_lt_cv_prog_compiler_c_o='"yes"'
lt_lt_cv_sys_global_symbol_pipe='"sed -n -e '\''s/^.*[ 	]\\([BCDEGRST][BCDEGRST]*\\)[ 	][ 	]*_\\([_A-Za-z][_A-Za-z0-9]*\\)\$/\\1 _\\2 \\2/p'\''"'
lt_lt_cv_sys_global_symbol_to_c_name_address='"sed -n -e '\''s/^: \\([^ ]*\\) \$/  {\\\"\\1\\\", (lt_ptr) 0},/p'\'' -e '\''s/^[BCDEGRST] \\([^ ]*\\) \\([^ ]*\\)\$/  {\"\\2\", (lt_ptr) \\&\\2},/p'\''"'
lt_lt_cv_sys_global_symbol_to_cdecl='"sed -n -e '\''s/^. .* \\(.*\\)\$/extern int \\1;/p'\''"'
php_cv_cc_dashr=no
php_cv_cc_rpath=yes

## ----------------- ##
## Output variables. ##
## ----------------- ##

AR='ar'
AWK='awk'
CC='cc'
CFLAGS='-g -O2'
CONFIGURE_COMMAND=' '\''./configure'\'' '
CONFIGURE_OPTIONS=''
CPP='cc -E'
CPPFLAGS=' -DHAVE_CONFIG_H'
DEFS='-DHAVE_CONFIG_H'
DSYMUTIL='dsymutil'
ECHO='/bin/echo'
ECHO_C='\c'
ECHO_N=''
ECHO_T=''
EGREP='/usr/bin/grep -E'
EXEEXT=''
GREP='/usr/bin/grep'
LDFLAGS=''
LIBOBJS=''
LIBS=''
LIBTOOL='$(SHELL) $(top_builddir)/libtool'
LN_S='ln -s'
LTLIBOBJS=''
NMEDIT='nmedit'
OBJEXT='o'
PACKAGE_BUGREPORT=''
PACKAGE_NAME=''
PACKAGE_STRING=''
PACKAGE_TARNAME=''
PACKAGE_URL=''
PACKAGE_VERSION=''
PATH_SEPARATOR=':'
RANLIB='ranlib'
RE2C='exit 0;'
SED='/usr/bin/sed'
SHELL='/bin/sh'
SHLIB_DL_SUFFIX_NAME='so'
SHLIB_SUFFIX_NAME='dylib'
STRIP='strip'
ac_ct_CC='cc'
bindir='${exec_prefix}/bin'
build='x86_64-apple-darwin19.2.0'
build_alias=''
build_cpu='x86_64'
build_os='darwin19.2.0'
build_vendor='apple'
datadir='${datarootdir}'
datarootdir='${prefix}/share'
docdir='${datarootdir}/doc/${PACKAGE}'
dvidir='${docdir}'
exec_prefix='$(prefix)'
host='x86_64-apple-darwin19.2.0'
host_alias='x86_64-apple-darwin19.2.0'
host_cpu='x86_64'
host_os='darwin19.2.0'
host_vendor='apple'
htmldir='${docdir}'
includedir='${prefix}/include'
infodir='${datarootdir}/info'
libdir='${exec_prefix}/lib'
libexecdir='${exec_prefix}/libexec'
localedir='${datarootdir}/locale'
localstatedir='${prefix}/var'
mandir='${datarootdir}/man'
oldincludedir='/usr/include'
pdfdir='${docdir}'
prefix='/usr/local/Cellar/php@7.2/7.2.27'
program_transform_name='s,x,x,'
psdir='${docdir}'
sbindir='${exec_prefix}/sbin'
sharedstatedir='${prefix}/com'
sysconfdir='${prefix}/etc'
target='x86_64-apple-darwin19.2.0'
target_alias=''
target_cpu='x86_64'
target_os='darwin19.2.0'
target_vendor='apple'

## ----------- ##
## confdefs.h. ##
## ----------- ##

/* confdefs.h */
#define PACKAGE_NAME ""
#define PACKAGE_TARNAME ""
#define PACKAGE_VERSION ""
#define PACKAGE_STRING ""
#define PACKAGE_BUGREPORT ""
#define PACKAGE_URL ""
#define STDC_HEADERS 1
#define HAVE_SYS_TYPES_H 1
#define HAVE_SYS_STAT_H 1
#define HAVE_STDLIB_H 1
#define HAVE_STRING_H 1
#define HAVE_MEMORY_H 1
#define HAVE_STRINGS_H 1
#define HAVE_INTTYPES_H 1
#define HAVE_STDINT_H 1
#define HAVE_UNISTD_H 1
#define HAVE_EXECINFO_H 1
#define backtrace_size_t int
#define HAVE_BACKTRACE 1
#define COMPILE_DL_DDTRACE 1
#define HAVE_DLFCN_H 1

configure: exit 0
